2025-12-28 19:36:13.979 | INFO     | app.agents.base_agent:log_activity:29 - [WasteClassifier] Classifying waste for user household_102 from image https://example.com/plastic-bottle.jpg
2025-12-28 19:36:21.508 | INFO     | app.agents.base_agent:log_activity:29 - [WasteClassifier] Classifying waste for user household_102 from image https://example.com/plastic-bottle.jpg
2025-12-28 19:36:22.616 | INFO     | app.agents.base_agent:log_activity:29 - [WasteClassifier] Classifying waste for user household_102 from image https://example.com/plastic-bottle.jpg
2025-12-28 19:36:23.090 | INFO     | app.agents.base_agent:log_activity:29 - [WasteClassifier] Classifying waste for user household_102 from image https://example.com/plastic-bottle.jpg
2025-12-31 00:51:37.992 | INFO     | app.agents.base_agent:log_activity:29 - [WasteClassifier] Classifying waste for user test-user-001 from image https://upload.wikimedia.org/wikipedia/commons/3/3a/Plastic_bottles.jpg
2025-12-31 00:52:32.200 | INFO     | app.agents.base_agent:log_activity:29 - [WasteClassifier] Classifying waste for user supabase-test-001 from image https://upload.wikimedia.org/wikipedia/commons/6/6c/Food_waste.jpg
2025-12-31 00:52:39.741 | INFO     | app.agents.base_agent:log_activity:29 - [WasteClassifier] Classifying waste for user supabase-test-001 from image https://upload.wikimedia.org/wikipedia/commons/6/6c/Food_waste.jpg
2025-12-31 00:53:04.385 | INFO     | app.agents.base_agent:log_activity:29 - [WasteClassifier] Classifying waste for user bad-test from image 
2025-12-31 01:07:12.110 | INFO     | app.agents.base_agent:log_activity:29 - [WasteClassifier] Classifying waste for user demo-user-001 from image https://upload.wikimedia.org/wikipedia/commons/3/3a/Plastic_bottles.jpg
2025-12-31 01:07:46.998 | INFO     | app.agents.base_agent:log_activity:29 - [WasteClassifier] Classifying waste for user demo-user-001 from image https://upload.wikimedia.org/wikipedia/commons/3/3a/Plastic_bottles.jpg
2025-12-31 01:08:46.454 | INFO     | app.agents.base_agent:log_activity:29 - [WasteClassifier] Classifying waste for user test-user-001 from image https://upload.wikimedia.org/wikipedia/commons/3/3a/Plastic_bottles.jpg
2025-12-31 01:13:00.872 | INFO     | app.agents.base_agent:log_activity:29 - [WasteClassifier] Classifying waste for user demo-user-001 from image https://upload.wikimedia.org/wikipedia/commons/3/3a/Plastic_bottles.jpg
2025-12-31 01:13:00.874 | INFO     | app.agents.base_agent:log_activity:29 - [WasteClassifier] Classifying waste for user demo-user-001 from image https://upload.wikimedia.org/wikipedia/commons/3/3a/Plastic_bottles.jpg
2025-12-31 01:13:43.093 | INFO     | app.agents.base_agent:log_activity:29 - [WasteClassifier] Classifying waste for user demo-user-001 from image https://upload.wikimedia.org/wikipedia/commons/3/3a/Plastic_bottles.jpg
2025-12-31 01:13:43.094 | INFO     | app.agents.base_agent:log_activity:29 - [WasteClassifier] Classifying waste for user demo-user-001 from image https://upload.wikimedia.org/wikipedia/commons/3/3a/Plastic_bottles.jpg
2025-12-31 01:14:31.280 | INFO     | app.agents.base_agent:log_activity:29 - [WasteClassifier] Classifying waste for user demo-user-001 from image https://upload.wikimedia.org/wikipedia/commons/3/3a/Plastic_bottles.jpg
2025-12-31 01:14:31.281 | INFO     | app.agents.base_agent:log_activity:29 - [WasteClassifier] Classifying waste for user demo-user-001 from image https://upload.wikimedia.org/wikipedia/commons/3/3a/Plastic_bottles.jpg
2025-12-31 01:15:22.922 | INFO     | app.agents.base_agent:log_activity:29 - [WasteClassifier] Classifying waste for user demo-user-001 from image https://upload.wikimedia.org/wikipedia/commons/3/3a/Plastic_bottles.jpg
2025-12-31 01:15:22.923 | INFO     | app.agents.base_agent:log_activity:29 - [WasteClassifier] Classifying waste for user demo-user-001 from image https://upload.wikimedia.org/wikipedia/commons/3/3a/Plastic_bottles.jpg
2025-12-31 01:16:32.449 | INFO     | app.agents.base_agent:log_activity:29 - [WasteClassifier] Classifying waste for user demo-user-001 from image https://upload.wikimedia.org/wikipedia/commons/3/3a/Plastic_bottles.jpg
2025-12-31 01:16:32.452 | INFO     | app.agents.base_agent:log_activity:29 - [WasteClassifier] Classifying waste for user demo-user-001 from image https://upload.wikimedia.org/wikipedia/commons/3/3a/Plastic_bottles.jpg
2025-12-31 01:16:48.373 | INFO     | app.agents.base_agent:log_activity:29 - [WasteClassifier] Classifying waste for user demo-user-001 from image https://upload.wikimedia.org/wikipedia/commons/3/3a/Plastic_bottles.jpg
2025-12-31 01:16:48.374 | INFO     | app.agents.base_agent:log_activity:29 - [WasteClassifier] Classifying waste for user demo-user-001 from image https://upload.wikimedia.org/wikipedia/commons/3/3a/Plastic_bottles.jpg
